2023-07-17 18:03:18,580 [Worker-6] INFO  com.tibco.bw.migration.logger  - Generating BW 6 application for BW5 project/projects at D:\downloads\ProfileServiceBW5\crm
2023-07-17 18:03:26,715 [Worker-6] INFO  com.tibco.bw.migration.logger  - Migrating Global Variables..
2023-07-17 18:03:27,171 [Worker-6] INFO  com.tibco.bw.migration.logger  - Migrating Shared Resources..
2023-07-17 18:03:27,338 [Worker-6] INFO  com.tibco.bw.migration.logger  - Migrating XML Schema resource :D:/downloads/ProfileServiceBW5/crm/Resources/Schema/ActiveSpaces.xsd
2023-07-17 18:03:27,353 [Worker-6] INFO  com.tibco.bw.migration.logger  - Migrating XML Schema resource :D:/downloads/ProfileServiceBW5/crm/Resources/Schema/canonical/COPA_AuthenticationTypes.xsd
2023-07-17 18:03:27,364 [Worker-6] INFO  com.tibco.bw.migration.logger  - Migrating XML Schema resource :D:/downloads/ProfileServiceBW5/crm/Resources/Schema/canonical/COPA_CommonTypes.xsd
2023-07-17 18:03:27,402 [Worker-6] INFO  com.tibco.bw.migration.logger  - Migrating XML Schema resource :D:/downloads/ProfileServiceBW5/crm/Resources/Schema/canonical/COPA_Profile.xsd
2023-07-17 18:03:27,421 [Worker-6] INFO  com.tibco.bw.migration.logger  - Migrating XML Schema resource :D:/downloads/ProfileServiceBW5/crm/Resources/Schema/canonical/OTA_AirCommonTypes.xsd
2023-07-17 18:03:27,827 [Worker-6] INFO  com.tibco.bw.migration.logger  - Migrating XML Schema resource :D:/downloads/ProfileServiceBW5/crm/Resources/Schema/canonical/OTA_AirPreferences.xsd
2023-07-17 18:03:28,021 [Worker-6] INFO  com.tibco.bw.migration.logger  - Migrating XML Schema resource :D:/downloads/ProfileServiceBW5/crm/Resources/Schema/canonical/OTA_CommonPrefs.xsd
2023-07-17 18:03:28,042 [Worker-6] INFO  com.tibco.bw.migration.logger  - Migrating XML Schema resource :D:/downloads/ProfileServiceBW5/crm/Resources/Schema/canonical/OTA_CommonTypes.xsd
2023-07-17 18:03:28,450 [Worker-6] INFO  com.tibco.bw.migration.logger  - Migrating XML Schema resource :D:/downloads/ProfileServiceBW5/crm/Resources/Schema/canonical/OTA_HotelCommonTypes.xsd
2023-07-17 18:03:28,679 [Worker-6] INFO  com.tibco.bw.migration.logger  - Migrating XML Schema resource :D:/downloads/ProfileServiceBW5/crm/Resources/Schema/canonical/OTA_HotelPreferences.xsd
2023-07-17 18:03:28,959 [Worker-6] INFO  com.tibco.bw.migration.logger  - Migrating XML Schema resource :D:/downloads/ProfileServiceBW5/crm/Resources/Schema/canonical/OTA_HotelReservation.xsd
2023-07-17 18:03:29,112 [Worker-6] INFO  com.tibco.bw.migration.logger  - Migrating XML Schema resource :D:/downloads/ProfileServiceBW5/crm/Resources/Schema/canonical/OTA_Lists.xsd
2023-07-17 18:03:29,180 [Worker-6] INFO  com.tibco.bw.migration.logger  - Migrating XML Schema resource :D:/downloads/ProfileServiceBW5/crm/Resources/Schema/canonical/OTA_Profile.xsd
2023-07-17 18:03:30,776 [Worker-6] INFO  com.tibco.bw.migration.logger  - Migrating XML Schema resource :D:/downloads/ProfileServiceBW5/crm/Resources/Schema/canonical/OTA_RailCommonTypes.xsd
2023-07-17 18:03:31,190 [Worker-6] INFO  com.tibco.bw.migration.logger  - Migrating XML Schema resource :D:/downloads/ProfileServiceBW5/crm/Resources/Schema/canonical/OTA_RailPreferences.xsd
2023-07-17 18:03:31,530 [Worker-6] INFO  com.tibco.bw.migration.logger  - Migrating XML Schema resource :D:/downloads/ProfileServiceBW5/crm/Resources/Schema/canonical/OTA_SimpleTypes.xsd
2023-07-17 18:03:31,569 [Worker-6] INFO  com.tibco.bw.migration.logger  - Migrating XML Schema resource :D:/downloads/ProfileServiceBW5/crm/Resources/Schema/canonical/OTA_VehicleCommonTypes.xsd
2023-07-17 18:03:31,927 [Worker-6] INFO  com.tibco.bw.migration.logger  - Migrating XML Schema resource :D:/downloads/ProfileServiceBW5/crm/Resources/Schema/JMS.xsd
2023-07-17 18:03:31,932 [Worker-6] INFO  com.tibco.bw.migration.logger  - Migrating XML Schema resource :D:/downloads/ProfileServiceBW5/crm/Resources/Schema/OTA_PassengerProfile_RQ_RS.xsd
2023-07-17 18:03:39,931 [Worker-6] INFO  com.tibco.bw.migration.logger  - Migrating XML Schema resource :D:/downloads/ProfileServiceBW5/crm/Resources/Schema/OTA_ProfileReadRS.xsd
2023-07-17 18:03:41,499 [Worker-6] INFO  com.tibco.bw.migration.logger  - Migrating XML Schema resource :D:/downloads/ProfileServiceBW5/crm/Resources/Schema/OTA_ReadRQ.xsd
2023-07-17 18:03:41,717 [Worker-6] INFO  com.tibco.bw.migration.logger  - Migrating XML Schema resource :D:/downloads/ProfileServiceBW5/crm/Resources/Schema/ProfileRelatedTraveler.xsd
2023-07-17 18:03:44,797 [Worker-6] INFO  com.tibco.bw.migration.logger  - Migrating XML Schema resource :D:/downloads/ProfileServiceBW5/crm/Resources/Schema/SynchronizeProfile.xsd
2023-07-17 18:03:45,184 [Worker-6] INFO  com.tibco.bw.migration.logger  - Migrating XML Schema resource :D:/downloads/ProfileServiceBW5/crm/Resources/WSDL/ALMS/lmsWs.xsd
2023-07-17 18:03:49,418 [Worker-6] INFO  com.tibco.bw.migration.logger  - Creating JMS Shared Resource for URI : d:/workspace/crm/Resources/GlobalConnections/JMS/SynchronizrProfile-Process-JMS-Connection.sharedjmscon
2023-07-17 18:04:06,940 [Worker-6] INFO  com.tibco.bw.migration.logger  - Migrating Processes..
2023-07-17 18:04:06,950 [Worker-6] INFO  com.tibco.bw.migration.logger  - Process Migration Order is => 
2023-07-17 18:04:06,951 [Worker-6] INFO  com.tibco.bw.migration.logger  - Processes/Application/ActiveSpaces/GetCache.process
2023-07-17 18:04:06,951 [Worker-6] INFO  com.tibco.bw.migration.logger  - Processes/Application/ActiveSpaces/PutCache.process
2023-07-17 18:04:06,951 [Worker-6] INFO  com.tibco.bw.migration.logger  - Processes/Application/ActiveSpaces/SearchCache.process
2023-07-17 18:04:06,951 [Worker-6] INFO  com.tibco.bw.migration.logger  - Processes/Application/Amadeus/GetProfileFromAmadeus.process
2023-07-17 18:04:06,951 [Worker-6] INFO  com.tibco.bw.migration.logger  - Processes/Application/Amadeus/GetUpdateProfileFromAmadeus.process
2023-07-17 18:04:06,951 [Worker-6] INFO  com.tibco.bw.migration.logger  - Processes/Application/Amadeus/NotifyUpdatedProfileList.process
2023-07-17 18:04:06,951 [Worker-6] INFO  com.tibco.bw.migration.logger  - Processes/Application/FFPDB/GetProfile.process
2023-07-17 18:04:06,951 [Worker-6] INFO  com.tibco.bw.migration.logger  - Processes/Application/FFPDB/GetTierCode.process
2023-07-17 18:04:06,951 [Worker-6] INFO  com.tibco.bw.migration.logger  - Processes/Application/FFPDB/InserProfileUpdate.process
2023-07-17 18:04:06,951 [Worker-6] INFO  com.tibco.bw.migration.logger  - Processes/Application/FFPDB/InsertSynchronizeProfileALMS_Error.process
2023-07-17 18:04:06,951 [Worker-6] INFO  com.tibco.bw.migration.logger  - Processes/Application/FFPDB/PutProfile.process
2023-07-17 18:04:06,951 [Worker-6] INFO  com.tibco.bw.migration.logger  - Processes/Application/FFPDB/SearchProfile.process
2023-07-17 18:04:06,951 [Worker-6] INFO  com.tibco.bw.migration.logger  - Processes/Application/FFPDB/UpdateProfile.process
2023-07-17 18:04:06,951 [Worker-6] INFO  com.tibco.bw.migration.logger  - Processes/Application/Login/Validate.process
2023-07-17 18:04:06,951 [Worker-6] INFO  com.tibco.bw.migration.logger  - Processes/Application/PPBR/ValidateDataForFFAssignment.process
2023-07-17 18:04:06,951 [Worker-6] INFO  com.tibco.bw.migration.logger  - Processes/Batch/UpdateProfile.process
2023-07-17 18:04:06,952 [Worker-6] INFO  com.tibco.bw.migration.logger  - Processes/Util/GetCacheDB.process
2023-07-17 18:04:06,952 [Worker-6] INFO  com.tibco.bw.migration.logger  - Processes/Util/getPassword.process
2023-07-17 18:04:06,952 [Worker-6] INFO  com.tibco.bw.migration.logger  - Processes/Util/GetTierCode.process
2023-07-17 18:04:06,952 [Worker-6] INFO  com.tibco.bw.migration.logger  - Processes/Util/PutCacheDB.process
2023-07-17 18:04:06,952 [Worker-6] INFO  com.tibco.bw.migration.logger  - Processes/Business/PassengerProfile/Get.process
2023-07-17 18:04:06,952 [Worker-6] INFO  com.tibco.bw.migration.logger  - Processes/Business/PassengerProfile/ListProfile.process
2023-07-17 18:04:06,952 [Worker-6] INFO  com.tibco.bw.migration.logger  - Processes/Util/SearchCacheDB.process
2023-07-17 18:04:06,952 [Worker-6] INFO  com.tibco.bw.migration.logger  - Processes/Business/PassengerProfile/Search.process
2023-07-17 18:04:06,952 [Worker-6] INFO  com.tibco.bw.migration.logger  - Processes/Business/PassengerProfile/Synchronize/SendMail.process
2023-07-17 18:04:06,952 [Worker-6] INFO  com.tibco.bw.migration.logger  - Processes/Business/PassengerProfile/Synchronize/SendMessage.process
2023-07-17 18:04:06,952 [Worker-6] INFO  com.tibco.bw.migration.logger  - Processes/Business/PassengerProfile/Synchronize/Synchronize.process
2023-07-17 18:04:06,952 [Worker-6] INFO  com.tibco.bw.migration.logger  - Processes/Business/PassengerProfile/Synchronize/SynchronizeFromFile.process
2023-07-17 18:04:06,952 [Worker-6] INFO  com.tibco.bw.migration.logger  - Processes/Business/PassengerProfile/Synchronize/SynchronizeProfile.process
2023-07-17 18:04:06,953 [Worker-6] INFO  com.tibco.bw.migration.logger  - Processes/Business/PassengerProfile/Synchronize/SynchronizeProfileByID.process
2023-07-17 18:04:06,953 [Worker-6] INFO  com.tibco.bw.migration.logger  - Processes/Business/PassengerProfile/Synchronize.process
2023-07-17 18:04:06,953 [Worker-6] INFO  com.tibco.bw.migration.logger  - Processes/Business/PassengerProfile/SynchronizeFromFile.process
2023-07-17 18:04:06,953 [Worker-6] INFO  com.tibco.bw.migration.logger  - Processes/Business/PassengerProfile/Synchronize_OLD.process
2023-07-17 18:04:06,953 [Worker-6] INFO  com.tibco.bw.migration.logger  - Processes/Business/PassengerProfile/ValidateDataForFFAssignment.process
2023-07-17 18:04:06,953 [Worker-6] INFO  com.tibco.bw.migration.logger  - Processes/Util/SendMail.process
2023-07-17 18:04:06,953 [Worker-6] INFO  com.tibco.bw.migration.logger  - Processes/Util/test.process
2023-07-17 18:04:06,953 [Worker-6] INFO  com.tibco.bw.migration.logger  - Processes/Util/testSendJMS.process
2023-07-17 18:04:06,953 [Worker-6] INFO  com.tibco.bw.migration.logger  - Processes/Util/TestZip.process
2023-07-17 18:04:06,953 [Worker-6] INFO  com.tibco.bw.migration.logger  - ReferenceLibraries/Logging/Processes/ExceptionTranslator.process
2023-07-17 18:04:06,953 [Worker-6] INFO  com.tibco.bw.migration.logger  - Services/Application/Business/JMS/SynchronizeProfileALMS.process
2023-07-17 18:04:06,953 [Worker-6] INFO  com.tibco.bw.migration.logger  - Services/Application/Business/JMS/SynchronizeProfileByID.process
2023-07-17 18:04:06,953 [Worker-6] INFO  com.tibco.bw.migration.logger  - Services/Application/Business/JMS/SynchronizeProfileError.process
2023-07-17 18:04:06,953 [Worker-6] INFO  com.tibco.bw.migration.logger  - Services/Application/Business/JMS/SynchronizeProfile_Bkp.process
2023-07-17 18:04:06,953 [Worker-6] INFO  com.tibco.bw.migration.logger  - Services/Application/Business/Poller/FilePollerProfile.process
2023-07-17 18:04:06,953 [Worker-6] INFO  com.tibco.bw.migration.logger  - Services/Application/Business/Timer/ForceSync/ForceSync.process
2023-07-17 18:04:06,954 [Worker-6] INFO  com.tibco.bw.migration.logger  - Services/Application/Business/Timer/PassengerProfile/PassengerUpdateProfile.process
2023-07-17 18:04:06,954 [Worker-6] INFO  com.tibco.bw.migration.logger  - Services/Application/Business/Timer/PassengerProfile/SetContextSynchronize.process
2023-07-17 18:04:06,954 [Worker-6] INFO  com.tibco.bw.migration.logger  - Services/Application/Business/Timer/PassengerProfile/synchronize.process
2023-07-17 18:04:06,954 [Worker-6] INFO  com.tibco.bw.migration.logger  - Services/Application/Business/Timer/PassengerProfile/UnitTest/Test PassengerUpdateProfile.process
2023-07-17 18:04:06,954 [Worker-6] INFO  com.tibco.bw.migration.logger  - Services/Application/Business/Timer/PassengerProfile/UnitTest/Test Synchronize.process
2023-07-17 18:04:06,954 [Worker-6] INFO  com.tibco.bw.migration.logger  - Services/Application/Business/Timer/PassengerProfile/UnitTest/testTimer.process
2023-07-17 18:04:06,954 [Worker-6] INFO  com.tibco.bw.migration.logger  - Services/Application/Business/Timer/Process Definition.process
2023-07-17 18:04:06,954 [Worker-6] INFO  com.tibco.bw.migration.logger  - Services/Application/Business/WS/PassengerProfile/Implementation/PassengerProfileget.process
2023-07-17 18:04:06,954 [Worker-6] INFO  com.tibco.bw.migration.logger  - Services/Application/Business/WS/PassengerProfile/Implementation/PassengerProfilegetLight.process
2023-07-17 18:04:06,954 [Worker-6] INFO  com.tibco.bw.migration.logger  - Services/Application/Business/WS/PassengerProfile/Implementation/PassengerProfilelistProfile.process
2023-07-17 18:04:06,954 [Worker-6] INFO  com.tibco.bw.migration.logger  - Services/Application/Business/WS/PassengerProfile/Implementation/PassengerProfilesearch.process
2023-07-17 18:04:06,954 [Worker-6] INFO  com.tibco.bw.migration.logger  - Services/Application/Business/WS/PassengerProfile/Implementation/PassengerProfilevalidateDataForFFAssignment.process
2023-07-17 18:04:06,954 [Worker-6] INFO  com.tibco.bw.migration.logger  - Services/Application/Business/WS/PassengerProfileValidate/Implementation/PassengerProfileget.process
2023-07-17 18:04:06,954 [Worker-6] INFO  com.tibco.bw.migration.logger  - Services/Application/Business/WS/PassengerProfileValidate/Implementation/PassengerProfilegetLight.process
2023-07-17 18:04:06,954 [Worker-6] INFO  com.tibco.bw.migration.logger  - Services/Application/Business/WS/PassengerProfileValidate/Implementation/PassengerProfilesearch.process
2023-07-17 18:04:06,955 [Worker-6] INFO  com.tibco.bw.migration.logger  - Services/Application/Business/WS/PassengerProfileValidate/Implementation/PassengerProfilevalidateDataForFFAssignment.process
2023-07-17 18:04:11,766 [Worker-6] INFO  com.tibco.bw.migration.logger  - Migrating process - Processes/Application/ActiveSpaces/GetCache.process
2023-07-17 18:04:11,772 [Worker-6] INFO  com.tibco.bw.migration.logger  - The process "Application.ActiveSpaces.GetCache" migration started
2023-07-17 18:04:12,708 [Worker-6] INFO  com.tibco.bw.migration.logger  - The process "Application.ActiveSpaces.GetCache" migration done.
2023-07-17 18:04:14,583 [Worker-6] INFO  com.tibco.bw.migration.logger  - Migrating process - Processes/Application/ActiveSpaces/PutCache.process
2023-07-17 18:04:14,588 [Worker-6] INFO  com.tibco.bw.migration.logger  - The process "Application.ActiveSpaces.PutCache" migration started
2023-07-17 18:04:14,993 [Worker-6] INFO  com.tibco.bw.migration.logger  - The process "Application.ActiveSpaces.PutCache" migration done.
2023-07-17 18:04:15,895 [Worker-6] INFO  com.tibco.bw.migration.logger  - Migrating process - Processes/Application/ActiveSpaces/SearchCache.process
2023-07-17 18:04:15,902 [Worker-6] INFO  com.tibco.bw.migration.logger  - The process "Application.ActiveSpaces.SearchCache" migration started
2023-07-17 18:04:16,453 [Worker-6] INFO  com.tibco.bw.migration.logger  - The process "Application.ActiveSpaces.SearchCache" migration done.
2023-07-17 18:04:17,322 [Worker-6] INFO  com.tibco.bw.migration.logger  - Migrating process - Processes/Application/Amadeus/GetProfileFromAmadeus.process
2023-07-17 18:04:17,327 [Worker-6] INFO  com.tibco.bw.migration.logger  - The process "Application.Amadeus.GetProfileFromAmadeus" migration started
2023-07-17 18:04:18,658 [Worker-6] INFO  com.tibco.bw.migration.logger  - The process "Application.Amadeus.GetProfileFromAmadeus" migration done.
2023-07-17 18:04:19,798 [Worker-6] INFO  com.tibco.bw.migration.logger  - Migrating process - Processes/Application/Amadeus/GetUpdateProfileFromAmadeus.process
2023-07-17 18:04:19,804 [Worker-6] INFO  com.tibco.bw.migration.logger  - The process "Application.Amadeus.GetUpdateProfileFromAmadeus" migration started
2023-07-17 18:04:20,887 [Worker-6] INFO  com.tibco.bw.migration.logger  - The process "Application.Amadeus.GetUpdateProfileFromAmadeus" migration done.
2023-07-17 18:04:22,082 [Worker-6] INFO  com.tibco.bw.migration.logger  - Migrating process - Processes/Application/Amadeus/NotifyUpdatedProfileList.process
2023-07-17 18:04:22,088 [Worker-6] INFO  com.tibco.bw.migration.logger  - The process "Application.Amadeus.NotifyUpdatedProfileList" migration started
2023-07-17 18:04:23,273 [Worker-6] INFO  com.tibco.bw.migration.logger  - The process "Application.Amadeus.NotifyUpdatedProfileList" migration done.
2023-07-17 18:04:24,314 [Worker-6] INFO  com.tibco.bw.migration.logger  - Migrating process - Processes/Application/FFPDB/GetProfile.process
2023-07-17 18:04:24,319 [Worker-6] INFO  com.tibco.bw.migration.logger  - The process "Application.FFPDB.GetProfile" migration started
2023-07-17 18:04:25,575 [Worker-6] INFO  com.tibco.bw.migration.logger  - The process "Application.FFPDB.GetProfile" migration done.
2023-07-17 18:04:26,571 [Worker-6] INFO  com.tibco.bw.migration.logger  - Migrating process - Processes/Application/FFPDB/GetTierCode.process
2023-07-17 18:04:26,576 [Worker-6] INFO  com.tibco.bw.migration.logger  - The process "Application.FFPDB.GetTierCode" migration started
2023-07-17 18:04:27,666 [Worker-6] INFO  com.tibco.bw.migration.logger  - The process "Application.FFPDB.GetTierCode" migration done.
2023-07-17 18:04:28,671 [Worker-6] INFO  com.tibco.bw.migration.logger  - Migrating process - Processes/Application/FFPDB/InserProfileUpdate.process
2023-07-17 18:04:28,676 [Worker-6] INFO  com.tibco.bw.migration.logger  - The process "Application.FFPDB.InserProfileUpdate" migration started
2023-07-17 18:04:29,493 [Worker-6] INFO  com.tibco.bw.migration.logger  - The process "Application.FFPDB.InserProfileUpdate" migration done.
2023-07-17 18:04:30,367 [Worker-6] INFO  com.tibco.bw.migration.logger  - Migrating process - Processes/Application/FFPDB/InsertSynchronizeProfileALMS_Error.process
2023-07-17 18:04:30,372 [Worker-6] INFO  com.tibco.bw.migration.logger  - The process "Application.FFPDB.InsertSynchronizeProfileALMS_Error" migration started
2023-07-17 18:04:31,061 [Worker-6] INFO  com.tibco.bw.migration.logger  - The process "Application.FFPDB.InsertSynchronizeProfileALMS_Error" migration done.
2023-07-17 18:04:31,898 [Worker-6] INFO  com.tibco.bw.migration.logger  - Migrating process - Processes/Application/FFPDB/PutProfile.process
2023-07-17 18:04:31,904 [Worker-6] INFO  com.tibco.bw.migration.logger  - The process "Application.FFPDB.PutProfile" migration started
2023-07-17 18:04:33,098 [Worker-6] INFO  com.tibco.bw.migration.logger  - The process "Application.FFPDB.PutProfile" migration done.
2023-07-17 18:04:33,876 [Worker-6] INFO  com.tibco.bw.migration.logger  - Migrating process - Processes/Application/FFPDB/SearchProfile.process
2023-07-17 18:04:33,880 [Worker-6] INFO  com.tibco.bw.migration.logger  - The process "Application.FFPDB.SearchProfile" migration started
2023-07-17 18:04:34,830 [Worker-6] INFO  com.tibco.bw.migration.logger  - The process "Application.FFPDB.SearchProfile" migration done.
2023-07-17 18:04:35,637 [Worker-6] INFO  com.tibco.bw.migration.logger  - Migrating process - Processes/Application/FFPDB/UpdateProfile.process
2023-07-17 18:04:35,642 [Worker-6] INFO  com.tibco.bw.migration.logger  - The process "Application.FFPDB.UpdateProfile" migration started
2023-07-17 18:04:36,371 [Worker-6] INFO  com.tibco.bw.migration.logger  - The process "Application.FFPDB.UpdateProfile" migration done.
2023-07-17 18:04:37,206 [Worker-6] INFO  com.tibco.bw.migration.logger  - Migrating process - Processes/Application/Login/Validate.process
2023-07-17 18:04:37,211 [Worker-6] INFO  com.tibco.bw.migration.logger  - The process "Application.Login.Validate" migration started
2023-07-17 18:04:39,424 [Worker-6] INFO  com.tibco.bw.migration.logger  - The process "Application.Login.Validate" migration done.
2023-07-17 18:04:40,296 [Worker-6] INFO  com.tibco.bw.migration.logger  - Migrating process - Processes/Application/PPBR/ValidateDataForFFAssignment.process
2023-07-17 18:04:40,302 [Worker-6] INFO  com.tibco.bw.migration.logger  - The process "Application.PPBR.ValidateDataForFFAssignment" migration started
2023-07-17 18:04:42,802 [Worker-6] INFO  com.tibco.bw.migration.logger  - The process "Application.PPBR.ValidateDataForFFAssignment" migration done.
2023-07-17 18:04:43,772 [Worker-6] INFO  com.tibco.bw.migration.logger  - Migrating process - Processes/Batch/UpdateProfile.process
2023-07-17 18:04:43,777 [Worker-6] INFO  com.tibco.bw.migration.logger  - The process "Batch.UpdateProfile" migration started
2023-07-17 18:04:50,945 [Worker-6] INFO  com.tibco.bw.migration.logger  - The process "Batch.UpdateProfile" migration done.
2023-07-17 18:04:51,818 [Worker-6] INFO  com.tibco.bw.migration.logger  - Migrating process - Processes/Util/GetCacheDB.process
2023-07-17 18:04:51,823 [Worker-6] INFO  com.tibco.bw.migration.logger  - The process "Util.GetCacheDB" migration started
2023-07-17 18:04:52,667 [Worker-6] INFO  com.tibco.bw.migration.logger  - The process "Util.GetCacheDB" migration done.
2023-07-17 18:04:53,538 [Worker-6] INFO  com.tibco.bw.migration.logger  - Migrating process - Processes/Util/getPassword.process
2023-07-17 18:04:53,543 [Worker-6] INFO  com.tibco.bw.migration.logger  - The process "Util.getPassword" migration started
2023-07-17 18:04:54,253 [Worker-6] INFO  com.tibco.bw.migration.logger  - The process "Util.getPassword" migration done.
2023-07-17 18:04:55,301 [Worker-6] INFO  com.tibco.bw.migration.logger  - Migrating process - Processes/Util/GetTierCode.process
2023-07-17 18:04:55,306 [Worker-6] INFO  com.tibco.bw.migration.logger  - The process "Util.GetTierCode" migration started
2023-07-17 18:04:57,059 [Worker-6] INFO  com.tibco.bw.migration.logger  - The process "Util.GetTierCode" migration done.
2023-07-17 18:04:58,151 [Worker-6] INFO  com.tibco.bw.migration.logger  - Migrating process - Processes/Util/PutCacheDB.process
2023-07-17 18:04:58,156 [Worker-6] INFO  com.tibco.bw.migration.logger  - The process "Util.PutCacheDB" migration started
2023-07-17 18:04:59,037 [Worker-6] INFO  com.tibco.bw.migration.logger  - The process "Util.PutCacheDB" migration done.
2023-07-17 18:05:00,031 [Worker-6] INFO  com.tibco.bw.migration.logger  - Migrating process - Processes/Business/PassengerProfile/Get.process
2023-07-17 18:05:00,036 [Worker-6] INFO  com.tibco.bw.migration.logger  - The process "Business.PassengerProfile.Get" migration started
2023-07-17 18:05:18,315 [Worker-6] INFO  com.tibco.bw.migration.logger  - The process "Business.PassengerProfile.Get" migration done.
2023-07-17 18:05:19,261 [Worker-6] INFO  com.tibco.bw.migration.logger  - Migrating process - Processes/Business/PassengerProfile/ListProfile.process
2023-07-17 18:05:19,266 [Worker-6] INFO  com.tibco.bw.migration.logger  - The process "Business.PassengerProfile.ListProfile" migration started
2023-07-17 18:05:22,253 [Worker-6] INFO  com.tibco.bw.migration.logger  - The process "Business.PassengerProfile.ListProfile" migration done.
2023-07-17 18:05:23,235 [Worker-6] INFO  com.tibco.bw.migration.logger  - Migrating process - Processes/Util/SearchCacheDB.process
2023-07-17 18:05:23,240 [Worker-6] INFO  com.tibco.bw.migration.logger  - The process "Util.SearchCacheDB" migration started
2023-07-17 18:05:24,495 [Worker-6] INFO  com.tibco.bw.migration.logger  - The process "Util.SearchCacheDB" migration done.
2023-07-17 18:05:25,470 [Worker-6] INFO  com.tibco.bw.migration.logger  - Migrating process - Processes/Business/PassengerProfile/Search.process
2023-07-17 18:05:25,474 [Worker-6] INFO  com.tibco.bw.migration.logger  - The process "Business.PassengerProfile.Search" migration started
2023-07-17 18:05:30,337 [Worker-6] INFO  com.tibco.bw.migration.logger  - The process "Business.PassengerProfile.Search" migration done.
2023-07-17 18:05:31,426 [Worker-6] INFO  com.tibco.bw.migration.logger  - Migrating process - Processes/Business/PassengerProfile/Synchronize/SendMail.process
2023-07-17 18:05:31,430 [Worker-6] INFO  com.tibco.bw.migration.logger  - The process "Business.PassengerProfile.Synchronize.SendMail" migration started
2023-07-17 18:05:32,567 [Worker-6] INFO  com.tibco.bw.migration.logger  - The process "Business.PassengerProfile.Synchronize.SendMail" migration done.
2023-07-17 18:05:33,624 [Worker-6] INFO  com.tibco.bw.migration.logger  - Migrating process - Processes/Business/PassengerProfile/Synchronize/SendMessage.process
2023-07-17 18:05:33,630 [Worker-6] INFO  com.tibco.bw.migration.logger  - The process "Business.PassengerProfile.Synchronize.SendMessage" migration started
2023-07-17 18:05:34,843 [Worker-6] INFO  com.tibco.bw.migration.logger  - The process "Business.PassengerProfile.Synchronize.SendMessage" migration done.
2023-07-17 18:05:35,660 [Worker-6] INFO  com.tibco.bw.migration.logger  - Migrating process - Processes/Business/PassengerProfile/Synchronize/Synchronize.process
2023-07-17 18:05:35,665 [Worker-6] INFO  com.tibco.bw.migration.logger  - The process "Business.PassengerProfile.Synchronize.Synchronize" migration started
2023-07-17 18:05:37,442 [Worker-6] INFO  com.tibco.bw.migration.logger  - The process "Business.PassengerProfile.Synchronize.Synchronize" migration done.
2023-07-17 18:05:38,227 [Worker-6] INFO  com.tibco.bw.migration.logger  - Migrating process - Processes/Business/PassengerProfile/Synchronize/SynchronizeFromFile.process
2023-07-17 18:05:38,232 [Worker-6] INFO  com.tibco.bw.migration.logger  - The process "Business.PassengerProfile.Synchronize.SynchronizeFromFile" migration started
2023-07-17 18:05:39,387 [Worker-6] INFO  com.tibco.bw.migration.logger  - The process "Business.PassengerProfile.Synchronize.SynchronizeFromFile" migration done.
2023-07-17 18:05:40,230 [Worker-6] INFO  com.tibco.bw.migration.logger  - Migrating process - Processes/Business/PassengerProfile/Synchronize/SynchronizeProfile.process
2023-07-17 18:05:40,235 [Worker-6] INFO  com.tibco.bw.migration.logger  - The process "Business.PassengerProfile.Synchronize.SynchronizeProfile" migration started
2023-07-17 18:05:41,020 [Worker-6] INFO  com.tibco.bw.migration.logger  - The process "Business.PassengerProfile.Synchronize.SynchronizeProfile" migration done.
2023-07-17 18:05:41,917 [Worker-6] INFO  com.tibco.bw.migration.logger  - Migrating process - Processes/Business/PassengerProfile/Synchronize/SynchronizeProfileByID.process
2023-07-17 18:05:41,922 [Worker-6] INFO  com.tibco.bw.migration.logger  - The process "Business.PassengerProfile.Synchronize.SynchronizeProfileByID" migration started
2023-07-17 18:05:42,466 [Worker-6] INFO  com.tibco.bw.migration.logger  - The process "Business.PassengerProfile.Synchronize.SynchronizeProfileByID" migration done.
2023-07-17 18:05:43,353 [Worker-6] INFO  com.tibco.bw.migration.logger  - Migrating process - Processes/Business/PassengerProfile/Synchronize.process
2023-07-17 18:05:43,358 [Worker-6] INFO  com.tibco.bw.migration.logger  - The process "Business.PassengerProfile.Synchronize" migration started
2023-07-17 18:05:47,450 [Worker-6] INFO  com.tibco.bw.migration.logger  - The process "Business.PassengerProfile.Synchronize" migration done.
2023-07-17 18:05:48,410 [Worker-6] INFO  com.tibco.bw.migration.logger  - Migrating process - Processes/Business/PassengerProfile/SynchronizeFromFile.process
2023-07-17 18:05:48,415 [Worker-6] INFO  com.tibco.bw.migration.logger  - The process "Business.PassengerProfile.SynchronizeFromFile" migration started
2023-07-17 18:05:50,486 [Worker-6] INFO  com.tibco.bw.migration.logger  - The process "Business.PassengerProfile.SynchronizeFromFile" migration done.
2023-07-17 18:05:51,388 [Worker-6] INFO  com.tibco.bw.migration.logger  - Migrating process - Processes/Business/PassengerProfile/Synchronize_OLD.process
2023-07-17 18:05:51,391 [Worker-6] INFO  com.tibco.bw.migration.logger  - The process "Business.PassengerProfile.Synchronize_OLD" migration started
2023-07-17 18:05:56,175 [Worker-6] INFO  com.tibco.bw.migration.logger  - The process "Business.PassengerProfile.Synchronize_OLD" migration done.
2023-07-17 18:05:57,246 [Worker-6] INFO  com.tibco.bw.migration.logger  - Migrating process - Processes/Business/PassengerProfile/ValidateDataForFFAssignment.process
2023-07-17 18:05:57,250 [Worker-6] INFO  com.tibco.bw.migration.logger  - The process "Business.PassengerProfile.ValidateDataForFFAssignment" migration started
2023-07-17 18:06:04,690 [Worker-6] INFO  com.tibco.bw.migration.logger  - The process "Business.PassengerProfile.ValidateDataForFFAssignment" migration done.
2023-07-17 18:06:05,512 [Worker-6] INFO  com.tibco.bw.migration.logger  - Migrating process - Processes/Util/SendMail.process
2023-07-17 18:06:05,516 [Worker-6] INFO  com.tibco.bw.migration.logger  - The process "Util.SendMail" migration started
2023-07-17 18:06:06,234 [Worker-6] INFO  com.tibco.bw.migration.logger  - The process "Util.SendMail" migration done.
2023-07-17 18:06:07,136 [Worker-6] INFO  com.tibco.bw.migration.logger  - Migrating process - Processes/Util/test.process
2023-07-17 18:06:07,141 [Worker-6] INFO  com.tibco.bw.migration.logger  - The process "Util.test" migration started
2023-07-17 18:06:07,207 [Worker-6] INFO  com.tibco.bw.migration.logger  - The process "Util.test" migration done.
2023-07-17 18:06:08,116 [Worker-6] INFO  com.tibco.bw.migration.logger  - Migrating process - Processes/Util/testSendJMS.process
2023-07-17 18:06:08,120 [Worker-6] INFO  com.tibco.bw.migration.logger  - The process "Util.testSendJMS" migration started
2023-07-17 18:06:08,642 [Worker-6] INFO  com.tibco.bw.migration.logger  - The process "Util.testSendJMS" migration done.
2023-07-17 18:06:09,580 [Worker-6] INFO  com.tibco.bw.migration.logger  - Migrating process - Processes/Util/TestZip.process
2023-07-17 18:06:09,585 [Worker-6] INFO  com.tibco.bw.migration.logger  - The process "Util.TestZip" migration started
2023-07-17 18:06:10,245 [Worker-6] INFO  com.tibco.bw.migration.logger  - The process "Util.TestZip" migration done.
2023-07-17 18:06:11,074 [Worker-6] INFO  com.tibco.bw.migration.logger  - Migrating process - ReferenceLibraries/Logging/Processes/ExceptionTranslator.process
2023-07-17 18:06:11,078 [Worker-6] INFO  com.tibco.bw.migration.logger  - The process "ReferenceLibraries.Logging.Processes.ExceptionTranslator" migration started
2023-07-17 18:06:11,470 [Worker-6] INFO  com.tibco.bw.migration.logger  - The process "ReferenceLibraries.Logging.Processes.ExceptionTranslator" migration done.
2023-07-17 18:06:12,272 [Worker-6] INFO  com.tibco.bw.migration.logger  - Migrating process - Services/Application/Business/JMS/SynchronizeProfileALMS.process
2023-07-17 18:06:12,276 [Worker-6] INFO  com.tibco.bw.migration.logger  - The process "Services.Application.Business.JMS.SynchronizeProfileALMS" migration started
2023-07-17 18:06:14,401 [Worker-6] INFO  com.tibco.bw.migration.logger  - The process "Services.Application.Business.JMS.SynchronizeProfileALMS" migration done.
2023-07-17 18:06:15,349 [Worker-6] INFO  com.tibco.bw.migration.logger  - Migrating process - Services/Application/Business/JMS/SynchronizeProfileByID.process
2023-07-17 18:06:15,353 [Worker-6] INFO  com.tibco.bw.migration.logger  - The process "Services.Application.Business.JMS.SynchronizeProfileByID" migration started
2023-07-17 18:06:17,488 [Worker-6] INFO  com.tibco.bw.migration.logger  - The process "Services.Application.Business.JMS.SynchronizeProfileByID" migration done.
2023-07-17 18:06:18,475 [Worker-6] INFO  com.tibco.bw.migration.logger  - Migrating process - Services/Application/Business/JMS/SynchronizeProfileError.process
2023-07-17 18:06:18,479 [Worker-6] INFO  com.tibco.bw.migration.logger  - The process "Services.Application.Business.JMS.SynchronizeProfileError" migration started
2023-07-17 18:06:20,492 [Worker-6] INFO  com.tibco.bw.migration.logger  - The process "Services.Application.Business.JMS.SynchronizeProfileError" migration done.
2023-07-17 18:06:21,354 [Worker-6] INFO  com.tibco.bw.migration.logger  - Migrating process - Services/Application/Business/JMS/SynchronizeProfile_Bkp.process
2023-07-17 18:06:21,359 [Worker-6] INFO  com.tibco.bw.migration.logger  - The process "Services.Application.Business.JMS.SynchronizeProfile_Bkp" migration started
2023-07-17 18:06:23,376 [Worker-6] INFO  com.tibco.bw.migration.logger  - The process "Services.Application.Business.JMS.SynchronizeProfile_Bkp" migration done.
2023-07-17 18:06:24,136 [Worker-6] INFO  com.tibco.bw.migration.logger  - Migrating process - Services/Application/Business/Poller/FilePollerProfile.process
2023-07-17 18:06:24,141 [Worker-6] INFO  com.tibco.bw.migration.logger  - The process "Services.Application.Business.Poller.FilePollerProfile" migration started
2023-07-17 18:06:25,626 [Worker-6] INFO  com.tibco.bw.migration.logger  - The process "Services.Application.Business.Poller.FilePollerProfile" migration done.
2023-07-17 18:06:26,503 [Worker-6] INFO  com.tibco.bw.migration.logger  - Migrating process - Services/Application/Business/Timer/ForceSync/ForceSync.process
2023-07-17 18:06:26,507 [Worker-6] INFO  com.tibco.bw.migration.logger  - The process "Services.Application.Business.Timer.ForceSync.ForceSync" migration started
2023-07-17 18:06:29,051 [Worker-6] INFO  com.tibco.bw.migration.logger  - The process "Services.Application.Business.Timer.ForceSync.ForceSync" migration done.
2023-07-17 18:06:29,900 [Worker-6] INFO  com.tibco.bw.migration.logger  - Migrating process - Services/Application/Business/Timer/PassengerProfile/PassengerUpdateProfile.process
2023-07-17 18:06:29,913 [Worker-6] INFO  com.tibco.bw.migration.logger  - The process "Services.Application.Business.Timer.PassengerProfile.PassengerUpdateProfile" migration started
2023-07-17 18:06:31,422 [Worker-6] INFO  com.tibco.bw.migration.logger  - The process "Services.Application.Business.Timer.PassengerProfile.PassengerUpdateProfile" migration done.
2023-07-17 18:06:32,206 [Worker-6] INFO  com.tibco.bw.migration.logger  - Migrating process - Services/Application/Business/Timer/PassengerProfile/SetContextSynchronize.process
2023-07-17 18:06:32,211 [Worker-6] INFO  com.tibco.bw.migration.logger  - The process "Services.Application.Business.Timer.PassengerProfile.SetContextSynchronize" migration started
2023-07-17 18:06:33,074 [Worker-6] INFO  com.tibco.bw.migration.logger  - The process "Services.Application.Business.Timer.PassengerProfile.SetContextSynchronize" migration done.
2023-07-17 18:06:33,919 [Worker-6] INFO  com.tibco.bw.migration.logger  - Migrating process - Services/Application/Business/Timer/PassengerProfile/synchronize.process
2023-07-17 18:06:33,923 [Worker-6] INFO  com.tibco.bw.migration.logger  - The process "Services.Application.Business.Timer.PassengerProfile.synchronize" migration started
2023-07-17 18:06:35,296 [Worker-6] INFO  com.tibco.bw.migration.logger  - The process "Services.Application.Business.Timer.PassengerProfile.synchronize" migration done.
2023-07-17 18:06:36,188 [Worker-6] INFO  com.tibco.bw.migration.logger  - Migrating process - Services/Application/Business/Timer/PassengerProfile/UnitTest/Test PassengerUpdateProfile.process
2023-07-17 18:06:36,193 [Worker-6] INFO  com.tibco.bw.migration.logger  - The process "Services.Application.Business.Timer.PassengerProfile.UnitTest.Test-PassengerUpdateProfile" migration started
2023-07-17 18:06:37,345 [Worker-6] INFO  com.tibco.bw.migration.logger  - The process "Services.Application.Business.Timer.PassengerProfile.UnitTest.Test-PassengerUpdateProfile" migration done.
2023-07-17 18:06:38,390 [Worker-6] INFO  com.tibco.bw.migration.logger  - Migrating process - Services/Application/Business/Timer/PassengerProfile/UnitTest/Test Synchronize.process
2023-07-17 18:06:38,396 [Worker-6] INFO  com.tibco.bw.migration.logger  - The process "Services.Application.Business.Timer.PassengerProfile.UnitTest.Test-Synchronize" migration started
2023-07-17 18:06:39,485 [Worker-6] INFO  com.tibco.bw.migration.logger  - The process "Services.Application.Business.Timer.PassengerProfile.UnitTest.Test-Synchronize" migration done.
2023-07-17 18:06:40,243 [Worker-6] INFO  com.tibco.bw.migration.logger  - Migrating process - Services/Application/Business/Timer/PassengerProfile/UnitTest/testTimer.process
2023-07-17 18:06:40,246 [Worker-6] INFO  com.tibco.bw.migration.logger  - The process "Services.Application.Business.Timer.PassengerProfile.UnitTest.testTimer" migration started
2023-07-17 18:06:40,534 [Worker-6] INFO  com.tibco.bw.migration.logger  - The process "Services.Application.Business.Timer.PassengerProfile.UnitTest.testTimer" migration done.
2023-07-17 18:06:41,287 [Worker-6] INFO  com.tibco.bw.migration.logger  - Migrating process - Services/Application/Business/Timer/Process Definition.process
2023-07-17 18:06:41,290 [Worker-6] INFO  com.tibco.bw.migration.logger  - The process "Services.Application.Business.Timer.Process-Definition" migration started
2023-07-17 18:06:41,563 [Worker-6] INFO  com.tibco.bw.migration.logger  - The process "Services.Application.Business.Timer.Process-Definition" migration done.
2023-07-17 18:06:42,329 [Worker-6] INFO  com.tibco.bw.migration.logger  - Migrating process - Services/Application/Business/WS/PassengerProfile/Implementation/PassengerProfileget.process
2023-07-17 18:06:42,337 [Worker-6] INFO  com.tibco.bw.migration.logger  - The process "Services.Application.Business.WS.PassengerProfile.Implementation.PassengerProfileget" migration started
2023-07-17 18:06:43,816 [Worker-6] INFO  com.tibco.bw.migration.logger  - The process "Services.Application.Business.WS.PassengerProfile.Implementation.PassengerProfileget" migration done.
2023-07-17 18:06:44,608 [Worker-6] INFO  com.tibco.bw.migration.logger  - Migrating process - Services/Application/Business/WS/PassengerProfile/Implementation/PassengerProfilegetLight.process
2023-07-17 18:06:44,613 [Worker-6] INFO  com.tibco.bw.migration.logger  - The process "Services.Application.Business.WS.PassengerProfile.Implementation.PassengerProfilegetLight" migration started
2023-07-17 18:06:46,319 [Worker-6] INFO  com.tibco.bw.migration.logger  - The process "Services.Application.Business.WS.PassengerProfile.Implementation.PassengerProfilegetLight" migration done.
2023-07-17 18:06:47,330 [Worker-6] INFO  com.tibco.bw.migration.logger  - Migrating process - Services/Application/Business/WS/PassengerProfile/Implementation/PassengerProfilelistProfile.process
2023-07-17 18:06:47,335 [Worker-6] INFO  com.tibco.bw.migration.logger  - The process "Services.Application.Business.WS.PassengerProfile.Implementation.PassengerProfilelistProfile" migration started
2023-07-17 18:06:49,562 [Worker-6] INFO  com.tibco.bw.migration.logger  - The process "Services.Application.Business.WS.PassengerProfile.Implementation.PassengerProfilelistProfile" migration done.
2023-07-17 18:06:50,532 [Worker-6] INFO  com.tibco.bw.migration.logger  - Migrating process - Services/Application/Business/WS/PassengerProfile/Implementation/PassengerProfilesearch.process
2023-07-17 18:06:50,537 [Worker-6] INFO  com.tibco.bw.migration.logger  - The process "Services.Application.Business.WS.PassengerProfile.Implementation.PassengerProfilesearch" migration started
2023-07-17 18:06:51,976 [Worker-6] INFO  com.tibco.bw.migration.logger  - The process "Services.Application.Business.WS.PassengerProfile.Implementation.PassengerProfilesearch" migration done.
2023-07-17 18:06:52,714 [Worker-6] INFO  com.tibco.bw.migration.logger  - Migrating process - Services/Application/Business/WS/PassengerProfile/Implementation/PassengerProfilevalidateDataForFFAssignment.process
2023-07-17 18:06:52,718 [Worker-6] INFO  com.tibco.bw.migration.logger  - The process "Services.Application.Business.WS.PassengerProfile.Implementation.PassengerProfilevalidateDataForFFAssignment" migration started
2023-07-17 18:06:54,194 [Worker-6] INFO  com.tibco.bw.migration.logger  - The process "Services.Application.Business.WS.PassengerProfile.Implementation.PassengerProfilevalidateDataForFFAssignment" migration done.
2023-07-17 18:06:55,033 [Worker-6] INFO  com.tibco.bw.migration.logger  - Migrating process - Services/Application/Business/WS/PassengerProfileValidate/Implementation/PassengerProfileget.process
2023-07-17 18:06:55,038 [Worker-6] INFO  com.tibco.bw.migration.logger  - The process "Services.Application.Business.WS.PassengerProfileValidate.Implementation.PassengerProfileget" migration started
2023-07-17 18:06:59,933 [Worker-6] INFO  com.tibco.bw.migration.logger  - The process "Services.Application.Business.WS.PassengerProfileValidate.Implementation.PassengerProfileget" migration done.
2023-07-17 18:07:00,674 [Worker-6] INFO  com.tibco.bw.migration.logger  - Migrating process - Services/Application/Business/WS/PassengerProfileValidate/Implementation/PassengerProfilegetLight.process
2023-07-17 18:07:00,678 [Worker-6] INFO  com.tibco.bw.migration.logger  - The process "Services.Application.Business.WS.PassengerProfileValidate.Implementation.PassengerProfilegetLight" migration started
2023-07-17 18:07:01,616 [Worker-6] INFO  com.tibco.bw.migration.logger  - The process "Services.Application.Business.WS.PassengerProfileValidate.Implementation.PassengerProfilegetLight" migration done.
2023-07-17 18:07:02,521 [Worker-6] INFO  com.tibco.bw.migration.logger  - Migrating process - Services/Application/Business/WS/PassengerProfileValidate/Implementation/PassengerProfilesearch.process
2023-07-17 18:07:02,525 [Worker-6] INFO  com.tibco.bw.migration.logger  - The process "Services.Application.Business.WS.PassengerProfileValidate.Implementation.PassengerProfilesearch" migration started
2023-07-17 18:07:03,398 [Worker-6] INFO  com.tibco.bw.migration.logger  - The process "Services.Application.Business.WS.PassengerProfileValidate.Implementation.PassengerProfilesearch" migration done.
2023-07-17 18:07:04,263 [Worker-6] INFO  com.tibco.bw.migration.logger  - Migrating process - Services/Application/Business/WS/PassengerProfileValidate/Implementation/PassengerProfilevalidateDataForFFAssignment.process
2023-07-17 18:07:04,266 [Worker-6] INFO  com.tibco.bw.migration.logger  - The process "Services.Application.Business.WS.PassengerProfileValidate.Implementation.PassengerProfilevalidateDataForFFAssignment" migration started
2023-07-17 18:07:05,166 [Worker-6] INFO  com.tibco.bw.migration.logger  - The process "Services.Application.Business.WS.PassengerProfileValidate.Implementation.PassengerProfilevalidateDataForFFAssignment" migration done.
